#-----------------------------------------------------------
# Vivado v2018.2.1 (64-bit)
# SW Build 2288692 on Thu Jul 26 18:24:02 MDT 2018
# IP Build 2289599 on Thu Jul 26 21:09:20 MDT 2018
# Start of session at: Mon Dec 10 17:12:11 2018
# Process ID: 7472
# Current directory: Z:/CS-373-1/DLD_Final
# Command line: vivado.exe -gui_launcher_event rodinguilauncherevent6920 Z:\CS-373-1\DLD_Final\final.xpr
# Log file: Z:/CS-373-1/DLD_Final/vivado.log
# Journal file: Z:/CS-373-1/DLD_Final\vivado.jou
#-----------------------------------------------------------
start_gui
open_project Z:/CS-373-1/DLD_Final/final.xpr
INFO: [Project 1-313] Project file moved from 'Z:/DLD_Final' since last save.
Scanning sources...
Finished scanning sources
INFO: [IP_Flow 19-234] Refreshing IP repositories
INFO: [IP_Flow 19-1704] No user IP repositories specified
INFO: [IP_Flow 19-2313] Loaded Vivado IP repository 'C:/Xilinx/Vivado/2018.2/data/ip'.
open_project: Time (s): cpu = 00:00:12 ; elapsed = 00:00:06 . Memory (MB): peak = 886.824 ; gain = 155.203
update_compile_order -fileset sources_1
reset_run synth_1
launch_runs impl_1 -to_step write_bitstream -jobs 8
[Mon Dec 10 17:12:42 2018] Launched synth_1...
Run output will be captured here: Z:/CS-373-1/DLD_Final/final.runs/synth_1/runme.log
[Mon Dec 10 17:12:43 2018] Launched impl_1...
Run output will be captured here: Z:/CS-373-1/DLD_Final/final.runs/impl_1/runme.log
exit
INFO: [Common 17-206] Exiting Vivado at Mon Dec 10 17:47:30 2018...
